\BOOKMARK [0][-]{section*.2}{University Physics with modern Physics}{}% 2
\BOOKMARK [1][-]{section*.1}{Abstract}{section*.2}% 1
\BOOKMARK [1][-]{section*.3}{Contents}{section*.2}% 3
\BOOKMARK [1][-]{section*.4}{Units, Physical Quantities, and Vectors}{section*.2}% 4
\BOOKMARK [2][-]{section*.5}{Discussion Questions}{section*.4}% 5
\BOOKMARK [3][-]{section*.6}{}{section*.5}% 6
\BOOKMARK [3][-]{section*.7}{}{section*.5}% 7
\BOOKMARK [3][-]{section*.8}{}{section*.5}% 8
\BOOKMARK [3][-]{section*.9}{}{section*.5}% 9
\BOOKMARK [3][-]{section*.10}{}{section*.5}% 10
\BOOKMARK [3][-]{section*.11}{}{section*.5}% 11
\BOOKMARK [3][-]{section*.12}{}{section*.5}% 12
\BOOKMARK [3][-]{section*.13}{}{section*.5}% 13
\BOOKMARK [3][-]{section*.14}{}{section*.5}% 14
\BOOKMARK [3][-]{section*.15}{}{section*.5}% 15
\BOOKMARK [3][-]{section*.16}{}{section*.5}% 16
\BOOKMARK [3][-]{section*.17}{}{section*.5}% 17
\BOOKMARK [3][-]{section*.18}{}{section*.5}% 18
\BOOKMARK [2][-]{section*.19}{Exercises}{section*.4}% 19
\BOOKMARK [3][-]{section*.20}{}{section*.19}% 20
\BOOKMARK [3][-]{section*.21}{}{section*.19}% 21
